<?xml version="1.0" encoding="UTF-8"?>
<!-- Generated by org.testng.reporters.JUnitReportReporter -->
<testsuite hostname="SnehBharti" failures="0" tests="2" name="aws_implementation_selenium_wiith_java.LoginFeature" time="15.387" errors="0" timestamp="2025-09-24T08:55:15 IST" skipped="0">
  <testcase classname="aws_implementation_selenium_wiith_java.LoginFeature" name="verifyCurrentUrl" time="9.151"/>
  <testcase classname="aws_implementation_selenium_wiith_java.LoginFeature" name="verifyTitle" time="6.236"/>
</testsuite> <!-- aws_implementation_selenium_wiith_java.LoginFeature -->
